<?xml version="1.0" encoding="UTF-8"?>
<!-- Generated by org.testng.reporters.JUnitReportReporter -->
<testsuite skipped="0" hostname="Nehas-MacBook-Pro.local" name="com.sfdc.qa.testcases.LoginPageTest" tests="4" failures="0" timestamp="15 Jun 2020 18:54:57 GMT" time="10.185" errors="0">
  <testcase name="validateLoginPageTitle" time="2.837" classname="com.sfdc.qa.testcases.LoginPageTest"/>
  <testcase name="validateLogoOfPageTitle" time="1.838" classname="com.sfdc.qa.testcases.LoginPageTest"/>
  <testcase name="tc1NavigateToSFDC" time="3.233" classname="com.sfdc.qa.testcases.LoginPageTest"/>
  <testcase name="logintest_invalidCredentials" time="2.277" classname="com.sfdc.qa.testcases.LoginPageTest"/>
</testsuite> <!-- com.sfdc.qa.testcases.LoginPageTest -->
