<?xml version="1.0" encoding="UTF-8"?>
<!-- Generated by org.testng.reporters.JUnitReportReporter -->
<testsuite skipped="0" hostname="Nehas-MacBook-Pro.local" name="com.sfdc.qa.testcases.LoginPageTest" tests="4" failures="0" timestamp="16 Jun 2020 04:40:08 GMT" time="10.168" errors="0">
  <testcase name="validateLoginPageTitleTest" time="2.236" classname="com.sfdc.qa.testcases.LoginPageTest"/>
  <testcase name="validateLogoOfPageTitleTest" time="1.883" classname="com.sfdc.qa.testcases.LoginPageTest"/>
  <testcase name="validCredentialsSFDCTest" time="3.673" classname="com.sfdc.qa.testcases.LoginPageTest"/>
  <testcase name="invalidCredentialsSFDCTest" time="2.376" classname="com.sfdc.qa.testcases.LoginPageTest"/>
</testsuite> <!-- com.sfdc.qa.testcases.LoginPageTest -->
