<?xml version="1.0" encoding="UTF-8"?>
<!-- Generated by org.testng.reporters.JUnitReportReporter -->
<testsuite skipped="0" hostname="Nehas-MacBook-Pro.local" name="com.sfdc.qa.testcases.LoginPageTest" tests="4" failures="0" timestamp="16 Jun 2020 18:17:30 GMT" time="15.445" errors="0">
  <testcase name="validateLoginPageTitleTest" time="1.746" classname="com.sfdc.qa.testcases.LoginPageTest"/>
  <testcase name="validateLogoOfPageTitleTest" time="1.816" classname="com.sfdc.qa.testcases.LoginPageTest"/>
  <testcase name="validCredentialsSFDCTest" time="8.564" classname="com.sfdc.qa.testcases.LoginPageTest"/>
  <testcase name="invalidCredentialsSFDCTest" time="3.319" classname="com.sfdc.qa.testcases.LoginPageTest"/>
</testsuite> <!-- com.sfdc.qa.testcases.LoginPageTest -->
